<?xml version="1.0" encoding="UTF-8"?>
<!-- Generated by org.testng.reporters.JUnitXMLReporter -->
<testsuite ignored="0" hostname="DESKTOP-4U8FD87" failures="0" tests="6" name="Default test" time="52.548" errors="0" timestamp="2024-06-12T16:26:16 IST">
  <testcase classname="api.test.DDTests" name="testPostUser" time="23.689"/>
  <testcase classname="api.test.DDTests" name="testPostUser" time="22.439"/>
  <testcase classname="api.test.DDTests" name="testPostUser" time="1.33"/>
  <testcase classname="api.test.DDTests" name="testDeleteUserByName" time="1.434"/>
  <testcase classname="api.test.DDTests" name="testDeleteUserByName" time="1.181"/>
  <testcase classname="api.test.DDTests" name="testDeleteUserByName" time="1.43"/>
</testsuite> <!-- Default test -->
