<?xml version="1.0" encoding="UTF-8"?>
<!-- Generated by org.testng.reporters.JUnitXMLReporter -->
<testsuite ignored="0" hostname="DESKTOP-4U8FD87" failures="0" tests="3" name="Default test" time="7.381" errors="0" timestamp="2024-06-15T15:55:56 IST">
  <testcase classname="api.test.StoreTests" name="testPostOrder" time="3.698"/>
  <testcase classname="api.test.StoreTests" name="testGetOrder" time="1.643"/>
  <testcase classname="api.test.StoreTests" name="testdeleteOrder" time="1.44"/>
</testsuite> <!-- Default test -->
