<?xml version="1.0" encoding="UTF-8"?>
<testsuite xmlns:xsi="http://www.w3.org/2001/XMLSchema-instance" xsi:noNamespaceSchemaLocation="https://maven.apache.org/surefire/maven-surefire-plugin/xsd/surefire-test-report-3.0.xsd" version="3.0" name="TestSuite" time="34.777" tests="17" errors="0" skipped="0" failures="0">
  <properties>
[...]
</properties>
  <testcase name="testPostUser" classname="api.test.UserTests" time="3.156">
    <system-out><![CDATA[[INFO ] 2024-06-15 16:02:00.504 [main] UserTests - ************ Creating User ******************
HTTP/1.1 200 OK
Date: Sat, 15 Jun 2024 10:32:03 GMT
Content-Type: application/json
Transfer-Encoding: chunked
Connection: keep-alive
Access-Control-Allow-Origin: *
Access-Control-Allow-Methods: GET, POST, DELETE, PUT
Access-Control-Allow-Headers: Content-Type, api_key, Authorization
Server: Jetty(9.2.9.v20150224)

{
    "code": 200,
    "type": "unknown",
    "message": "220454978"
}
[INFO ] 2024-06-15 16:02:03.654 [main] UserTests - ************ User Created ******************
]]></system-out>
  </testcase>
  <testcase name="getUserByName" classname="api.test.UserTests" time="1.579">
    <system-out><![CDATA[[INFO ] 2024-06-15 16:02:03.665 [main] UserTests - ************ Reading User Info ******************
HTTP/1.1 200 OK
Date: Sat, 15 Jun 2024 10:32:05 GMT
Content-Type: application/json
Transfer-Encoding: chunked
Connection: keep-alive
Access-Control-Allow-Origin: *
Access-Control-Allow-Methods: GET, POST, DELETE, PUT
Access-Control-Allow-Headers: Content-Type, api_key, Authorization
Server: Jetty(9.2.9.v20150224)

{
    "id": 220454978,
    "username": "lyndon.doyle",
    "firstName": "Marcus",
    "lastName": "Muller",
    "email": "spencer.legros@example.com",
    "password": "ebz2a457gn",
    "phone": "(540) 438-2628",
    "userStatus": 0
}
[INFO ] 2024-06-15 16:02:05.243 [main] UserTests - ************ User info is Displayed ******************
]]></system-out>
  </testcase>
  <testcase name="updateUserByName" classname="api.test.UserTests" time="3.074">
    <system-out><![CDATA[[INFO ] 2024-06-15 16:02:05.245 [main] UserTests - ************ Updating User ******************
HTTP/1.1 200 OK
Date: Sat, 15 Jun 2024 10:32:07 GMT
Content-Type: application/json
Transfer-Encoding: chunked
Connection: keep-alive
Access-Control-Allow-Origin: *
Access-Control-Allow-Methods: GET, POST, DELETE, PUT
Access-Control-Allow-Headers: Content-Type, api_key, Authorization
Server: Jetty(9.2.9.v20150224)

{
    "code": 200,
    "type": "unknown",
    "message": "220454978"
}
HTTP/1.1 200 OK
Date: Sat, 15 Jun 2024 10:32:07 GMT
Content-Type: application/json
Transfer-Encoding: chunked
Connection: keep-alive
Access-Control-Allow-Origin: *
Access-Control-Allow-Methods: GET, POST, DELETE, PUT
Access-Control-Allow-Headers: Content-Type, api_key, Authorization
Server: Jetty(9.2.9.v20150224)

{
    "code": 200,
    "type": "unknown",
    "message": "220454978"
}
[INFO ] 2024-06-15 16:02:08.318 [main] UserTests - ************ User Updated ******************
]]></system-out>
  </testcase>
  <testcase name="testDeleteUserByName" classname="api.test.UserTests" time="1.546">
    <system-out><![CDATA[[INFO ] 2024-06-15 16:02:08.319 [main] UserTests - ************ Deleting User ******************
HTTP/1.1 200 OK
Date: Sat, 15 Jun 2024 10:32:10 GMT
Content-Type: application/json
Transfer-Encoding: chunked
Connection: keep-alive
Access-Control-Allow-Origin: *
Access-Control-Allow-Methods: GET, POST, DELETE, PUT
Access-Control-Allow-Headers: Content-Type, api_key, Authorization
Server: Jetty(9.2.9.v20150224)

{
    "code": 200,
    "type": "unknown",
    "message": "lyndon.doyle"
}
[INFO ] 2024-06-15 16:02:09.865 [main] UserTests - ************ User Deleted ******************
]]></system-out>
  </testcase>
  <testcase name="testPostUser" classname="api.test.UserTests2" time="1.476">
    <system-out><![CDATA[[INFO ] 2024-06-15 16:02:09.909 [main] UserTests2 - ************ Creating User ******************
HTTP/1.1 200 OK
Date: Sat, 15 Jun 2024 10:32:11 GMT
Content-Type: application/json
Transfer-Encoding: chunked
Connection: keep-alive
Access-Control-Allow-Origin: *
Access-Control-Allow-Methods: GET, POST, DELETE, PUT
Access-Control-Allow-Headers: Content-Type, api_key, Authorization
Server: Jetty(9.2.9.v20150224)

{
    "code": 200,
    "type": "unknown",
    "message": "413046447"
}
[INFO ] 2024-06-15 16:02:11.385 [main] UserTests2 - ************ User Created ******************
]]></system-out>
  </testcase>
  <testcase name="getUserByName" classname="api.test.UserTests2" time="1.533">
    <system-out><![CDATA[[INFO ] 2024-06-15 16:02:11.387 [main] UserTests2 - ************ Reading User Info ******************
HTTP/1.1 200 OK
Date: Sat, 15 Jun 2024 10:32:13 GMT
Content-Type: application/json
Transfer-Encoding: chunked
Connection: keep-alive
Access-Control-Allow-Origin: *
Access-Control-Allow-Methods: GET, POST, DELETE, PUT
Access-Control-Allow-Headers: Content-Type, api_key, Authorization
Server: Jetty(9.2.9.v20150224)

{
    "id": 413046447,
    "username": "billy.renner",
    "firstName": "Warren",
    "lastName": "Conroy",
    "email": "erasmo.hackett@example.com",
    "password": "5e7rc7dcs868hd",
    "phone": "(725) 092-9694",
    "userStatus": 0
}
[INFO ] 2024-06-15 16:02:12.919 [main] UserTests2 - ************ User info is Displayed ******************
]]></system-out>
  </testcase>
  <testcase name="updateUserByName" classname="api.test.UserTests2" time="3.074">
    <system-out><![CDATA[[INFO ] 2024-06-15 16:02:12.920 [main] UserTests2 - ************ Updating User ******************
HTTP/1.1 200 OK
Date: Sat, 15 Jun 2024 10:32:14 GMT
Content-Type: application/json
Transfer-Encoding: chunked
Connection: keep-alive
Access-Control-Allow-Origin: *
Access-Control-Allow-Methods: GET, POST, DELETE, PUT
Access-Control-Allow-Headers: Content-Type, api_key, Authorization
Server: Jetty(9.2.9.v20150224)

{
    "code": 200,
    "type": "unknown",
    "message": "413046447"
}
HTTP/1.1 200 OK
Date: Sat, 15 Jun 2024 10:32:14 GMT
Content-Type: application/json
Transfer-Encoding: chunked
Connection: keep-alive
Access-Control-Allow-Origin: *
Access-Control-Allow-Methods: GET, POST, DELETE, PUT
Access-Control-Allow-Headers: Content-Type, api_key, Authorization
Server: Jetty(9.2.9.v20150224)

{
    "code": 200,
    "type": "unknown",
    "message": "413046447"
}
[INFO ] 2024-06-15 16:02:15.992 [main] UserTests2 - ************ User Updated ******************
]]></system-out>
  </testcase>
  <testcase name="testDeleteUserByName" classname="api.test.UserTests2" time="1.541">
    <system-out><![CDATA[[INFO ] 2024-06-15 16:02:15.994 [main] UserTests2 - ************ Deleting User ******************
HTTP/1.1 200 OK
Date: Sat, 15 Jun 2024 10:32:17 GMT
Content-Type: application/json
Transfer-Encoding: chunked
Connection: keep-alive
Access-Control-Allow-Origin: *
Access-Control-Allow-Methods: GET, POST, DELETE, PUT
Access-Control-Allow-Headers: Content-Type, api_key, Authorization
Server: Jetty(9.2.9.v20150224)

{
    "code": 200,
    "type": "unknown",
    "message": "billy.renner"
}
[INFO ] 2024-06-15 16:02:17.533 [main] UserTests2 - ************ User Deleted ******************
]]></system-out>
  </testcase>
  <testcase name="testPostUser[1010, testuser1, john, candey, a@gmail.com, test@1, 123456789](1)" classname="api.test.DDTests" time="1.544">
    <system-out><![CDATA[[INFO ] 2024-06-15 16:02:18.548 [main] DDTests - ************* Creating User DDT started ****************
[INFO ] 2024-06-15 16:02:20.088 [main] DDTests - ************* Creating User DDT Ended ****************
]]></system-out>
  </testcase>
  <testcase name="testPostUser[1020, testuser2, kim, kom, b@gmail.com, test@2, 123456789](2)" classname="api.test.DDTests" time="1.531">
    <system-out><![CDATA[[INFO ] 2024-06-15 16:02:20.091 [main] DDTests - ************* Creating User DDT started ****************
[INFO ] 2024-06-15 16:02:21.622 [main] DDTests - ************* Creating User DDT Ended ****************
]]></system-out>
  </testcase>
  <testcase name="testPostUser[1030, testuser3, smith, steve, c@gmail.com, test@3, 123456789](3)" classname="api.test.DDTests" time="1.536">
    <system-out><![CDATA[[INFO ] 2024-06-15 16:02:21.622 [main] DDTests - ************* Creating User DDT started ****************
[INFO ] 2024-06-15 16:02:23.158 [main] DDTests - ************* Creating User DDT Ended ****************
]]></system-out>
  </testcase>
  <testcase name="testDeleteUserByName[testuser1](1)" classname="api.test.DDTests" time="1.483">
    <system-out><![CDATA[[INFO ] 2024-06-15 16:02:23.213 [main] DDTests - ************* Deleting User by Name Started ****************
[INFO ] 2024-06-15 16:02:24.695 [main] DDTests - ************* Deleting user by Name Ended ****************
]]></system-out>
  </testcase>
  <testcase name="testDeleteUserByName[testuser2](2)" classname="api.test.DDTests" time="1.534">
    <system-out><![CDATA[[INFO ] 2024-06-15 16:02:24.696 [main] DDTests - ************* Deleting User by Name Started ****************
[INFO ] 2024-06-15 16:02:26.230 [main] DDTests - ************* Deleting user by Name Ended ****************
]]></system-out>
  </testcase>
  <testcase name="testDeleteUserByName[testuser3](3)" classname="api.test.DDTests" time="1.537">
    <system-out><![CDATA[[INFO ] 2024-06-15 16:02:26.231 [main] DDTests - ************* Deleting User by Name Started ****************
[INFO ] 2024-06-15 16:02:27.768 [main] DDTests - ************* Deleting user by Name Ended ****************
]]></system-out>
  </testcase>
  <testcase name="testPostOrder" classname="api.test.StoreTests" time="2.083">
    <system-out><![CDATA[[INFO ] 2024-06-15 16:02:27.770 [main] StoreTests - ************* Creating order ****************
[INFO ] 2024-06-15 16:02:29.407 [main] StoreTests - ************* Fetching order ID****************
[INFO ] 2024-06-15 16:02:29.854 [main] StoreTests - ************* Order ID Fetched****************
HTTP/1.1 200 OK
Date: Sat, 15 Jun 2024 10:32:29 GMT
Content-Type: application/json
Transfer-Encoding: chunked
Connection: keep-alive
Access-Control-Allow-Origin: *
Access-Control-Allow-Methods: GET, POST, DELETE, PUT
Access-Control-Allow-Headers: Content-Type, api_key, Authorization
Server: Jetty(9.2.9.v20150224)

{
    "id": 394771589,
    "petId": 0,
    "quantity": 760,
    "shipDate": "1970-01-01T00:00:02.004+0000",
    "complete": false
}
[INFO ] 2024-06-15 16:02:29.855 [main] StoreTests - ************* Order created ****************
]]></system-out>
  </testcase>
  <testcase name="testGetOrder" classname="api.test.StoreTests" time="1.706">
    <system-out><![CDATA[[INFO ] 2024-06-15 16:02:29.856 [main] StoreTests - ************* Getting order by ID****************
HTTP/1.1 200 OK
Date: Sat, 15 Jun 2024 10:32:31 GMT
Content-Type: application/json
Transfer-Encoding: chunked
Connection: keep-alive
Access-Control-Allow-Origin: *
Access-Control-Allow-Methods: GET, POST, DELETE, PUT
Access-Control-Allow-Headers: Content-Type, api_key, Authorization
Server: Jetty(9.2.9.v20150224)

{
    "id": 394771589,
    "petId": 0,
    "quantity": 760,
    "shipDate": "1970-01-01T00:00:02.004+0000",
    "complete": false
}
[INFO ] 2024-06-15 16:02:31.561 [main] StoreTests - ************* Got Order Details****************
]]></system-out>
  </testcase>
  <testcase name="testdeleteOrder" classname="api.test.StoreTests" time="1.896">
    <system-out><![CDATA[[INFO ] 2024-06-15 16:02:31.563 [main] StoreTests - ************* Deleting order by ID****************
[INFO ] 2024-06-15 16:02:33.457 [main] StoreTests - ************* Order Deleted by ID****************
]]></system-out>
  </testcase>
</testsuite>