<?xml version="1.0" encoding="UTF-8"?>
<testsuite xmlns:xsi="http://www.w3.org/2001/XMLSchema-instance" xsi:noNamespaceSchemaLocation="https://maven.apache.org/surefire/maven-surefire-plugin/xsd/surefire-test-report-3.0.xsd" version="3.0" name="TestSuite" time="12.796" tests="4" errors="0" skipped="0" failures="0">
  <properties>
[...]
</properties>
  <testcase name="testPostUser" classname="api.test.UserTests2" time="4.401">
    <system-out><![CDATA[[INFO ] 2024-06-13 17:44:29.437 [main] UserTests2 - ************ Creating User ******************
HTTP/1.1 200 OK
Date: Thu, 13 Jun 2024 12:14:33 GMT
Content-Type: application/json
Transfer-Encoding: chunked
Connection: keep-alive
Access-Control-Allow-Origin: *
Access-Control-Allow-Methods: GET, POST, DELETE, PUT
Access-Control-Allow-Headers: Content-Type, api_key, Authorization
Server: Jetty(9.2.9.v20150224)

{
    "code": 200,
    "type": "unknown",
    "message": "403174823"
}
[INFO ] 2024-06-13 17:44:33.833 [main] UserTests2 - ************ User Created ******************
]]></system-out>
  </testcase>
  <testcase name="getUserByName" classname="api.test.UserTests2" time="1.61">
    <system-out><![CDATA[[INFO ] 2024-06-13 17:44:33.852 [main] UserTests2 - ************ Reading User Info ******************
HTTP/1.1 200 OK
Date: Thu, 13 Jun 2024 12:14:34 GMT
Content-Type: application/json
Transfer-Encoding: chunked
Connection: keep-alive
Access-Control-Allow-Origin: *
Access-Control-Allow-Methods: GET, POST, DELETE, PUT
Access-Control-Allow-Headers: Content-Type, api_key, Authorization
Server: Jetty(9.2.9.v20150224)

{
    "id": 403174823,
    "username": "natividad.johns",
    "firstName": "Boyce",
    "lastName": "Kautzer",
    "email": "teressa.feeney@example.com",
    "password": "fue98wfjonb",
    "phone": "703-068-9632",
    "userStatus": 0
}
[INFO ] 2024-06-13 17:44:35.453 [main] UserTests2 - ************ User info is Displayed ******************
]]></system-out>
  </testcase>
  <testcase name="updateUserByName" classname="api.test.UserTests2" time="2.856">
    <system-out><![CDATA[[INFO ] 2024-06-13 17:44:35.457 [main] UserTests2 - ************ Updating User ******************
HTTP/1.1 200 OK
Date: Thu, 13 Jun 2024 12:14:36 GMT
Content-Type: application/json
Transfer-Encoding: chunked
Connection: keep-alive
Access-Control-Allow-Origin: *
Access-Control-Allow-Methods: GET, POST, DELETE, PUT
Access-Control-Allow-Headers: Content-Type, api_key, Authorization
Server: Jetty(9.2.9.v20150224)

{
    "code": 200,
    "type": "unknown",
    "message": "403174823"
}
HTTP/1.1 200 OK
Date: Thu, 13 Jun 2024 12:14:36 GMT
Content-Type: application/json
Transfer-Encoding: chunked
Connection: keep-alive
Access-Control-Allow-Origin: *
Access-Control-Allow-Methods: GET, POST, DELETE, PUT
Access-Control-Allow-Headers: Content-Type, api_key, Authorization
Server: Jetty(9.2.9.v20150224)

{
    "code": 200,
    "type": "unknown",
    "message": "403174823"
}
[INFO ] 2024-06-13 17:44:38.315 [main] UserTests2 - ************ User Updated ******************
]]></system-out>
  </testcase>
  <testcase name="testDeleteUserByName" classname="api.test.UserTests2" time="1.616">
    <system-out><![CDATA[[INFO ] 2024-06-13 17:44:38.318 [main] UserTests2 - ************ Deleting User ******************
HTTP/1.1 200 OK
Date: Thu, 13 Jun 2024 12:14:39 GMT
Content-Type: application/json
Transfer-Encoding: chunked
Connection: keep-alive
Access-Control-Allow-Origin: *
Access-Control-Allow-Methods: GET, POST, DELETE, PUT
Access-Control-Allow-Headers: Content-Type, api_key, Authorization
Server: Jetty(9.2.9.v20150224)

{
    "code": 200,
    "type": "unknown",
    "message": "natividad.johns"
}
[INFO ] 2024-06-13 17:44:39.934 [main] UserTests2 - ************ User Deleted ******************
]]></system-out>
  </testcase>
</testsuite>