<?xml version="1.0" encoding="UTF-8"?>
<testng-results ignored="0" total="4" passed="4" failed="0" skipped="0">
  <reporter-output>
  </reporter-output>
  <suite started-at="2024-06-13T17:44:28 IST" name="PetSuite" finished-at="2024-06-13T17:44:39 IST" duration-ms="11912">
    <groups>
    </groups>
    <test started-at="2024-06-13T17:44:28 IST" name="Test" finished-at="2024-06-13T17:44:39 IST" duration-ms="11912">
      <class name="api.test.UserTests2">
        <test-method is-config="true" signature="setupData()[pri:0, instance:api.test.UserTests2@14dd9eb7]" started-at="2024-06-13T17:44:28 IST" name="setupData" finished-at="2024-06-13T17:44:29 IST" duration-ms="1039" status="PASS">
          <reporter-output>
          </reporter-output>
        </test-method> <!-- setupData -->
        <test-method signature="testPostUser()[pri:1, instance:api.test.UserTests2@14dd9eb7]" started-at="2024-06-13T17:44:29 IST" name="testPostUser" finished-at="2024-06-13T17:44:33 IST" duration-ms="4404" status="PASS">
          <reporter-output>
          </reporter-output>
        </test-method> <!-- testPostUser -->
        <test-method signature="getUserByName()[pri:2, instance:api.test.UserTests2@14dd9eb7]" started-at="2024-06-13T17:44:33 IST" name="getUserByName" finished-at="2024-06-13T17:44:35 IST" duration-ms="1601" status="PASS">
          <reporter-output>
          </reporter-output>
        </test-method> <!-- getUserByName -->
        <test-method signature="updateUserByName()[pri:3, instance:api.test.UserTests2@14dd9eb7]" started-at="2024-06-13T17:44:35 IST" name="updateUserByName" finished-at="2024-06-13T17:44:38 IST" duration-ms="2859" status="PASS">
          <reporter-output>
          </reporter-output>
        </test-method> <!-- updateUserByName -->
        <test-method signature="testDeleteUserByName()[pri:4, instance:api.test.UserTests2@14dd9eb7]" started-at="2024-06-13T17:44:38 IST" name="testDeleteUserByName" finished-at="2024-06-13T17:44:39 IST" duration-ms="1616" status="PASS">
          <reporter-output>
          </reporter-output>
        </test-method> <!-- testDeleteUserByName -->
      </class> <!-- api.test.UserTests2 -->
    </test> <!-- Test -->
  </suite> <!-- PetSuite -->
</testng-results>
