<?xml version="1.0" encoding="UTF-8"?>
<testng-results ignored="0" total="3" passed="3" failed="0" skipped="0">
  <reporter-output>
  </reporter-output>
  <suite started-at="2024-06-15T15:55:48 IST" name="Default suite" finished-at="2024-06-15T15:55:56 IST" duration-ms="7381">
    <groups>
    </groups>
    <test started-at="2024-06-15T15:55:48 IST" name="Default test" finished-at="2024-06-15T15:55:56 IST" duration-ms="7381">
      <class name="api.test.StoreTests">
        <test-method is-config="true" signature="setupData()[pri:0, instance:api.test.StoreTests@515c6049]" started-at="2024-06-15T15:55:48 IST" name="setupData" finished-at="2024-06-15T15:55:49 IST" duration-ms="569" status="PASS">
          <reporter-output>
          </reporter-output>
        </test-method> <!-- setupData -->
        <test-method signature="testPostOrder()[pri:1, instance:api.test.StoreTests@515c6049]" started-at="2024-06-15T15:55:49 IST" name="testPostOrder" finished-at="2024-06-15T15:55:53 IST" duration-ms="3698" status="PASS">
          <reporter-output>
          </reporter-output>
        </test-method> <!-- testPostOrder -->
        <test-method signature="testGetOrder()[pri:2, instance:api.test.StoreTests@515c6049]" started-at="2024-06-15T15:55:53 IST" name="testGetOrder" finished-at="2024-06-15T15:55:54 IST" duration-ms="1643" status="PASS">
          <reporter-output>
          </reporter-output>
        </test-method> <!-- testGetOrder -->
        <test-method signature="testdeleteOrder()[pri:3, instance:api.test.StoreTests@515c6049]" started-at="2024-06-15T15:55:54 IST" name="testdeleteOrder" finished-at="2024-06-15T15:55:56 IST" duration-ms="1440" status="PASS">
          <reporter-output>
          </reporter-output>
        </test-method> <!-- testdeleteOrder -->
      </class> <!-- api.test.StoreTests -->
    </test> <!-- Default test -->
  </suite> <!-- Default suite -->
</testng-results>
