<?xml version="1.0" encoding="UTF-8"?>
<testng-results ignored="0" total="4" passed="4" failed="0" skipped="0">
  <reporter-output>
  </reporter-output>
  <suite started-at="2024-06-12T19:47:20 IST" name="PetSuite" finished-at="2024-06-12T19:47:32 IST" duration-ms="12849">
    <groups>
    </groups>
    <test started-at="2024-06-12T19:47:20 IST" name="Test" finished-at="2024-06-12T19:47:32 IST" duration-ms="12849">
      <class name="api.test.UserTests2">
        <test-method is-config="true" signature="setupData()[pri:0, instance:api.test.UserTests2@5fe94a96]" started-at="2024-06-12T19:47:20 IST" name="setupData" finished-at="2024-06-12T19:47:22 IST" duration-ms="1368" status="PASS">
          <reporter-output>
          </reporter-output>
        </test-method> <!-- setupData -->
        <test-method signature="testPostUser()[pri:1, instance:api.test.UserTests2@5fe94a96]" started-at="2024-06-12T19:47:22 IST" name="testPostUser" finished-at="2024-06-12T19:47:26 IST" duration-ms="4672" status="PASS">
          <reporter-output>
          </reporter-output>
        </test-method> <!-- testPostUser -->
        <test-method signature="getUserByName()[pri:2, instance:api.test.UserTests2@5fe94a96]" started-at="2024-06-12T19:47:26 IST" name="getUserByName" finished-at="2024-06-12T19:47:28 IST" duration-ms="1450" status="PASS">
          <reporter-output>
          </reporter-output>
        </test-method> <!-- getUserByName -->
        <test-method signature="updateUserByName()[pri:3, instance:api.test.UserTests2@5fe94a96]" started-at="2024-06-12T19:47:28 IST" name="updateUserByName" finished-at="2024-06-12T19:47:31 IST" duration-ms="3118" status="PASS">
          <reporter-output>
          </reporter-output>
        </test-method> <!-- updateUserByName -->
        <test-method signature="testDeleteUserByName()[pri:4, instance:api.test.UserTests2@5fe94a96]" started-at="2024-06-12T19:47:31 IST" name="testDeleteUserByName" finished-at="2024-06-12T19:47:32 IST" duration-ms="1597" status="PASS">
          <reporter-output>
          </reporter-output>
        </test-method> <!-- testDeleteUserByName -->
      </class> <!-- api.test.UserTests2 -->
    </test> <!-- Test -->
  </suite> <!-- PetSuite -->
</testng-results>
