<?xml version="1.0" encoding="UTF-8"?>
<!-- Generated by org.testng.reporters.JUnitXMLReporter -->
<testsuite ignored="0" hostname="DESKTOP-4U8FD87" failures="0" tests="17" name="Test" time="34.017" errors="0" timestamp="2024-06-15T16:02:33 IST">
  <testcase classname="api.test.UserTests" name="testPostUser" time="3.156"/>
  <testcase classname="api.test.UserTests" name="getUserByName" time="1.58"/>
  <testcase classname="api.test.UserTests" name="updateUserByName" time="3.074"/>
  <testcase classname="api.test.UserTests" name="testDeleteUserByName" time="1.546"/>
  <testcase classname="api.test.UserTests2" name="testPostUser" time="1.476"/>
  <testcase classname="api.test.UserTests2" name="getUserByName" time="1.532"/>
  <testcase classname="api.test.UserTests2" name="updateUserByName" time="3.072"/>
  <testcase classname="api.test.UserTests2" name="testDeleteUserByName" time="1.54"/>
  <testcase classname="api.test.DDTests" name="testPostUser" time="1.543"/>
  <testcase classname="api.test.DDTests" name="testPostUser" time="1.531"/>
  <testcase classname="api.test.DDTests" name="testPostUser" time="1.536"/>
  <testcase classname="api.test.DDTests" name="testDeleteUserByName" time="1.482"/>
  <testcase classname="api.test.DDTests" name="testDeleteUserByName" time="1.534"/>
  <testcase classname="api.test.DDTests" name="testDeleteUserByName" time="1.537"/>
  <testcase classname="api.test.StoreTests" name="testPostOrder" time="2.085"/>
  <testcase classname="api.test.StoreTests" name="testGetOrder" time="1.707"/>
  <testcase classname="api.test.StoreTests" name="testdeleteOrder" time="1.895"/>
</testsuite> <!-- Test -->
