<?xml version="1.0" encoding="UTF-8"?>
<!-- Generated by org.testng.reporters.JUnitXMLReporter -->
<testsuite ignored="0" hostname="DESKTOP-4U8FD87" failures="0" tests="4" name="Test" time="11.912" errors="0" timestamp="2024-06-13T17:44:39 IST">
  <testcase classname="api.test.UserTests2" name="testPostUser" time="4.404"/>
  <testcase classname="api.test.UserTests2" name="getUserByName" time="1.601"/>
  <testcase classname="api.test.UserTests2" name="updateUserByName" time="2.859"/>
  <testcase classname="api.test.UserTests2" name="testDeleteUserByName" time="1.616"/>
</testsuite> <!-- Test -->
