<?xml version="1.0" encoding="UTF-8"?>
<!-- Generated by org.testng.reporters.JUnitXMLReporter -->
<testsuite ignored="0" hostname="DESKTOP-4U8FD87" failures="0" tests="4" name="Test" time="12.849" errors="0" timestamp="2024-06-12T19:47:32 IST">
  <testcase classname="api.test.UserTests2" name="testPostUser" time="4.672"/>
  <testcase classname="api.test.UserTests2" name="getUserByName" time="1.45"/>
  <testcase classname="api.test.UserTests2" name="updateUserByName" time="3.118"/>
  <testcase classname="api.test.UserTests2" name="testDeleteUserByName" time="1.597"/>
</testsuite> <!-- Test -->
